<?xml version="1.0" encoding="UTF-8"?>
<!-- Generated by org.testng.reporters.JUnitReportReporter -->
<testsuite name="demoJenkins.Simple" tests="1" time="21.843" ignored="0" failures="0" timestamp="14 May 2020 13:34:48 GMT" skipped="0" hostname="CDC2-L-FBGKPN2" errors="0">
  <testcase name="testcase" time="21.843" classname="demoJenkins.Simple"/>
</testsuite> <!-- demoJenkins.Simple -->
